
University of Central Florida
CAP6640 Spring 2018 - Dr. Glinos 
Dependency Parser by <your_name>

Corpus Statistics:

     # sentences  :  3676
     # tokens     : 93041
     # POS tags   :    45
     # Left-Arcs  : 42720
     # Right-Arcs : 46448
     # Root-Arcs  :  3873


Left Arc Array Nonzero Couunts:

    # : [   CD,  12] 
    $ : [    $,  18] [   CD, 222] [   IN,   1] [  JJR,   2] [   MD,   3] [   NN, 127] [  NNP,   2] [  NNS,   6] [   RB,   1] [  RBR,   1] [  VBD,   1] [  VBG,   1] [  VBZ,   3] 
   '' : [   JJ,   1] [  JJR,   1] [   MD,   1] [   NN,  37] [  NNP,   2] [  NNS,  11] [   RB,   1] [   VB,   4] [  VBD, 113] [  VBG,   1] [  VBP,   4] [  VBZ, 125] 
    , : [    $,  11] [    ,,   2] [   CC,   1] [   CD,  38] [   DT,   9] [   IN,  53] [   JJ,  27] [  JJS,   4] [   MD, 167] [   NN, 542] [  NNP, 383] [ NNPS,   3] [  NNS, 133] [  POS,   1] [  PRP,   2] [   RB,  23] [   TO,   1] [   VB,  14] [  VBD, 710] [  VBG,   6] [  VBN,   9] [  VBP, 223] [  VBZ, 426] [  WDT,   1] [   WP,   2] [  WRB,   2] 
-LRB- : [    $,   8] [   CD,  10] [   DT,   2] [   IN,  10] [   JJ,   2] [   MD,   3] [   NN,  11] [  NNP,  34] [  NNS,   8] [  POS,   2] [  VBD,   3] [  VBG,   2] [  VBN,   7] [  VBP,   2] [  VBZ,   4] 
-RRB- : [   MD,   1] [   NN,   4] [  NNP,   1] [  POS,   1] 
    . : [   NN,   1] [  NNP,   2] [  VBZ,   2] 
    : : [    $,   6] [   CD,  10] [   DT,   3] [   IN,  17] [   JJ,   6] [   MD,  21] [   NN,  63] [  NNP,  29] [  NNS,  52] [   RB,   3] [   VB,   4] [  VBD,  30] [  VBG,   1] [  VBN,   3] [  VBP,  16] [  VBZ,  23] [  WDT,   1] [   WP,   3] 
   CC : [    $,  17] [   CC,   1] [   CD,  25] [   DT,   5] [   IN,  24] [   JJ,  57] [  JJR,   8] [  JJS,   1] [   MD,  43] [   NN, 390] [  NNP, 245] [ NNPS,  16] [  NNS, 325] [  POS,  14] [  PRP,   2] [   RB,  14] [  RBR,   1] [   VB,  13] [  VBD, 144] [  VBG,   6] [  VBN,   5] [  VBP, 108] [  VBZ, 136] [  WDT,   2] [   WP,   3] [  WRB,   3] 
   CD : [    $,  16] [   CD, 207] [   DT,   3] [   IN,   5] [   JJ,   2] [   MD,   5] [   NN, 696] [  NNP,  19] [  NNS, 556] [  POS,   4] [  PRP,   1] [   RB,   1] [   TO,   1] [   VB,   2] [  VBD,  14] [  VBP,   3] [  VBZ,   5] 
   DT : [    $,  15] [   CD,  39] [   IN,   5] [   JJ,  48] [  JJR,   2] [  JJS,  18] [   MD,  19] [   NN,5329] [  NNP, 561] [ NNPS,  28] [  NNS,1071] [  POS, 304] [  PRP,   2] [   RB,   5] [  RBR,   2] [  RBS,   1] [   TO,   1] [  VBD,  21] [  VBG,   8] [  VBN,   3] [  VBP,  14] [  VBZ,  46] 
   EX : [   MD,   6] [  VBD,  12] [  VBP,  18] [  VBZ,  51] 
   FW : [   NN,   1] [  VBZ,   1] 
   IN : [    $,  53] [   CD,   1] [   DT,   2] [   IN,  37] [   JJ,   2] [   MD, 139] [   NN,  80] [  NNP,  20] [  NNS,  75] [  POS,   1] [   RB,  14] [   TO,   1] [   VB,   6] [  VBD, 307] [  VBG,   4] [  VBN,   5] [  VBP, 104] [  VBZ, 155] [  WRB,   1] 
   JJ : [    $,   1] [   CD,  36] [   IN,  42] [   JJ,  71] [  JJR,   1] [   MD,   6] [   NN,2477] [  NNP, 102] [ NNPS,   6] [  NNS,1802] [  POS,  43] [   RB,   1] [   TO,   2] [  VBD,  20] [  VBN,   2] [  VBP,  20] [  VBZ,   9] 
  JJR : [    $,  13] [   IN,  43] [   JJ,   5] [  JJR,   3] [   NN,  83] [  NNS,  89] [  RBR,   1] [   VB,   2] [  VBD,   2] [  VBN,   1] [  VBP,   2] [  VBZ,   1] 
  JJS : [    $,   2] [   IN,   1] [   JJ,   4] [  JJS,   1] [   NN,  55] [  NNP,   1] [ NNPS,   1] [  NNS,  46] [   RB,   1] [  VBD,   3] [  VBN,   1] [  VBP,   5] [  VBZ,   1] 
   LS : [   MD,   2] [   NN,   5] [   VB,   5] [  VBZ,   1] 
   MD : [   IN,   2] [   MD,   8] [   NN,   1] [  NNS,   1] [   VB,   1] [  VBD,  43] [  VBN,   1] [  VBP,   7] [  VBZ,  25] 
   NN : [    $,   7] [   CD,  12] [   DT,   1] [   IN,  24] [   JJ,  13] [  JJR,  21] [  JJS,   2] [   MD, 267] [   NN,1885] [  NNP, 138] [  NNS,1234] [  POS, 283] [  PRP,   5] [   RB,  18] [  RBR,   1] [   VB,  57] [  VBD, 826] [  VBG,  16] [  VBN,  16] [  VBP,  44] [  VBZ, 780] [   WP,   1] 
  NNP : [    $,   4] [    ,,   2] [   CC,   1] [   CD,  23] [   DT,   1] [   IN,   1] [   JJ,  20] [  JJS,   1] [   MD,  89] [   NN,1005] [  NNP,3335] [ NNPS,  95] [  NNS, 355] [  POS, 662] [  PRP,   2] [   RB,   1] [   VB,  23] [  VBD, 610] [  VBG,   3] [  VBN,   3] [  VBP,  20] [  VBZ, 377] 
 NNPS : [   MD,   6] [   NN,  13] [  NNP,  70] [ NNPS,   5] [  NNS,   5] [  POS,  10] [  VBD,  12] [  VBP,   6] [  VBZ,   3] 
  NNS : [    $,   5] [   CD,  12] [   DT,   9] [   IN,  22] [   JJ,  23] [  JJR,   5] [  JJS,   1] [   MD, 159] [   NN, 250] [  NNP,  14] [ NNPS,   1] [  NNS, 340] [  POS,  55] [  PRP,   7] [   RB,  24] [  RBR,   2] [   VB,  64] [  VBD, 486] [  VBG,  18] [  VBN,  11] [  VBP, 638] [  VBZ,   5] 
  PDT : [   DT,   4] [   NN,  16] [  NNP,   1] [  NNS,   5] 
  POS : [    $,   3] [   CD,   4] [   JJ,   3] [  JJS,   2] [   NN, 452] [  NNP,  72] [ NNPS,   4] [  NNS, 194] [  POS,   2] [  VBD,   7] [  VBN,   1] [  VBZ,   1] 
  PRP : [   DT,   2] [   IN,   1] [   JJ,   5] [  JJR,   1] [   MD, 197] [   NN,  10] [  NNP,   6] [  NNS,   3] [  PRP,   1] [   VB,  31] [  VBD, 448] [  VBG,   4] [  VBN,   4] [  VBP, 315] [  VBZ, 356] 
 PRP$ : [   CC,   1] [   CD,   2] [   JJ,   3] [  JJS,   1] [   NN, 405] [  NNP,  15] [  NNS, 253] [  POS,   8] [  VBG,   1] [  VBZ,   1] 
   RB : [    $,  20] [   CD,   8] [   DT,   5] [   IN, 133] [   JJ, 167] [  JJR,  33] [  JJS,   1] [   MD,  42] [   NN, 107] [  NNP,   6] [ NNPS,   1] [  NNS,  63] [  PRP,   1] [   RB,  13] [  RBR,   2] [   TO,   7] [   VB,  39] [  VBD, 245] [  VBG,  42] [  VBN, 114] [  VBP, 138] [  VBZ, 169] [  WRB,   1] 
  RBR : [    $,   2] [   IN,  13] [   JJ,  38] [   NN,  10] [  NNS,   3] [   RB,  12] [   VB,   1] [  VBD,   4] [  VBG,   1] [  VBN,   2] [  VBZ,   2] 
  RBS : [   JJ,  19] [   NN,   2] [  NNS,   2] [   RB,   5] [  VBD,   1] [  VBN,   1] [  VBP,   2] 
   RP : [   CD,   1] [  NNP,   1] 
  SYM : 
   TO : [    $,  13] [   CD,  10] [   NN,  14] [  NNS,   2] [   VB,1190] [  VBD,   4] [  VBP,   2] [  VBZ,   1] 
   UH : [  VBP,   1] 
   VB : [  JJR,   1] [   MD,   4] [   NN,   3] [  NNP,   1] [  NNS,   3] [   RB,   2] [   VB,  10] [  VBD,   5] [  VBP,   2] [  VBZ,   8] 
  VBD : [   IN,   2] [  JJR,   1] [   MD,  14] [   NN,   4] [  NNS,   2] [ PRP$,   1] [   VB,   1] [  VBD, 146] [  VBN,   1] [  VBP,  17] [  VBZ,  42] 
  VBG : [    $,   1] [   MD,  15] [   NN, 107] [  NNP,   4] [  NNS,  74] [  POS,   3] [  VBD,  31] [  VBG,   6] [  VBN,   1] [  VBP,   2] [  VBZ,  18] 
  VBN : [    $,   4] [   CD,   3] [   IN,   1] [   JJ,   7] [   MD,   6] [   NN, 119] [  NNP,   5] [ NNPS,   1] [  NNS,  74] [  POS,   2] [  VBD,  15] [  VBG,   1] [  VBP,   7] [  VBZ,   4] 
  VBP : [   IN,   3] [   MD,  12] [   NN,   3] [  NNS,   1] [   VB,   2] [  VBD,  42] [  VBN,   1] [  VBP,  41] [  VBZ,  78] 
  VBZ : [   IN,   2] [   MD,  19] [   VB,   2] [  VBD,  80] [  VBN,   1] [  VBP,  33] [  VBZ, 102] 
  WDT : [  VBD,   2] [  VBP,   1] [  VBZ,   1] [  WDT,   2] 
   WP : [   MD,   3] [   NN,   1] [   RB,   1] [  VBD,   3] [  VBN,   1] [  VBZ,  13] [   WP,   6] [  WRB,   1] 
  WP$ : 
  WRB : [   IN,   1] [   JJ,   2] [   MD,   2] [   NN,   3] [  NNP,   1] [  NNS,   1] [   RB,   2] [  VBD,  13] [  VBN,   2] [  VBP,  10] [  VBZ,  10] [  WRB,   1] 
   `` : [   CC,   1] [   IN,   3] [   JJ,   4] [  JJR,   2] [  JJS,   1] [   MD,  27] [   NN,  89] [  NNP,  10] [  NNS,  24] [   RB,   3] [   VB,  11] [  VBD, 120] [  VBG,   3] [  VBN,   6] [  VBP,  50] [  VBZ, 153] 


Right Arc Array Nonzero Couunts:

    # : [    #,   1] [   IN,   2] [  NNP,   1] 
    $ : [    #,   1] [    $,   2] [    ,,   4] [    .,   2] [   CC,   3] [   CD,   5] [   DT,   8] [   IN, 134] [   JJ,   8] [   NN,   9] [  NNP,  15] [ NNPS,   1] [  NNS,   3] [  POS,   3] [  PRP,   1] [ PRP$,   1] [   RB,   2] [   TO,  39] [   VB,  23] [  VBD,  30] [  VBG,  13] [  VBN,   7] [  VBP,   3] [  VBZ,  12] [  WP$,   1] 
   '' : [    $,   1] [   CC,   1] [   CD,   1] [   DT,   1] [   IN,  20] [   JJ,   3] [  JJR,   1] [   MD,  18] [   NN,  56] [  NNP,   7] [  NNS,  23] [   RB,   3] [   TO,   1] [   VB,  15] [  VBD,  91] [  VBG,   4] [  VBN,  14] [  VBP,  51] [  VBZ,  74] 
    , : [    $,  16] [    ,,  13] [-LRB-,   1] [    .,   6] [   CC,   8] [   CD,  48] [   DT,  26] [   IN,  88] [   JJ,  30] [  JJR,   1] [  JJS,   4] [   MD,  16] [   NN, 462] [  NNP, 428] [ NNPS,  15] [  NNS, 149] [  POS,   3] [  PRP,   4] [ PRP$,   1] [   RB,  27] [   RP,   1] [   TO,   7] [   VB,  96] [  VBD, 243] [  VBG,  38] [  VBN, 108] [  VBP,  71] [  VBZ, 111] [   WP,   1] [  WP$,   2] [  WRB,   2] [   ``,   1] 
-LRB- : [   CD,   3] [   DT,   1] [   IN,   2] [   NN,   2] [  NNP,   1] [  NNS,   1] [  VBN,   1] 
-RRB- : [    $,   8] [   CD,  13] [   DT,   3] [   IN,  12] [   JJ,   2] [   LS,   6] [   MD,   1] [   NN,   9] [  NNP,  34] [  NNS,   9] [  POS,   1] [   VB,   1] [  VBD,   3] [  VBG,   2] [  VBN,   8] [  VBP,   2] [  VBZ,   4] 
    . : [    $,   8] [   '',   1] [    ,,   5] [    .,   2] [   CC,   2] [   CD,  18] [   DT,  18] [   IN,  25] [   JJ,  11] [  JJR,   2] [   LS,   5] [   MD, 286] [   NN,  80] [  NNP,  60] [ NNPS,   3] [  NNS,  34] [  POS,   4] [  PRP,   3] [ PRP$,   5] [   RB,  12] [   TO,   6] [   VB,  27] [  VBD,1646] [  VBG,   7] [  VBN,  20] [  VBP, 526] [  VBZ,1008] [  WDT,   2] [   WP,   1] [   ``,   1] 
    : : [    $,   1] [   CD,   3] [   DT,   3] [   IN,  28] [   JJ,   6] [   LS,   2] [   MD,   4] [   NN,  36] [  NNP,  77] [ NNPS,   5] [  NNS,   9] [   RB,   3] [   TO,   3] [   VB,  15] [  VBD,  22] [  VBG,   8] [  VBN,   6] [  VBP,   5] [  VBZ,  24] [  WDT,   1] [   WP,   1] [  WRB,   1] 
   CC : [    $,   3] [   '',   1] [    ,,   9] [    .,   3] [   CC,   4] [   CD,   8] [   DT,  14] [   IN,  50] [   JJ,  16] [   MD,  10] [   NN,  38] [  NNP,  25] [ NNPS,   1] [  NNS,   8] [  PRP,   2] [ PRP$,   3] [   RB,  16] [  RBR,   2] [   RP,   1] [   TO,   7] [   VB,  92] [  VBD, 118] [  VBG,  43] [  VBN,  50] [  VBP,  36] [  VBZ,  54] [   WP,   1] [  WP$,   1] [  WRB,   3] 
   CD : [    #,   1] [    $, 779] [   '',   1] [    ,,   7] [    .,   6] [   CC,   8] [   CD,  28] [   DT,  24] [   IN, 463] [   JJ,  31] [  JJR,   1] [   MD,   2] [   NN,  61] [  NNP, 208] [  NNS,  13] [  POS,   3] [  PRP,   3] [   RB,  58] [   RP,   1] [   TO,  92] [   VB,  27] [  VBD,  89] [  VBG,  10] [  VBN,  26] [  VBP,   8] [  VBZ,  27] 
   DT : [    $,   8] [   '',   2] [    ,,  17] [-LRB-,   1] [    .,   8] [   CC,   8] [   CD,  26] [   DT,  29] [   IN, 110] [   JJ,  25] [  JJR,   1] [   MD,   5] [   NN,  69] [  NNP,  72] [ NNPS,   2] [  NNS,  17] [  PDT,   1] [  POS,   8] [  PRP,   2] [ PRP$,   3] [   RB,  17] [  RBR,   2] [   TO,  12] [   VB,  26] [  VBD,  19] [  VBG,  10] [  VBN,  12] [  VBP,  11] [  VBZ,  22] [  WDT,   1] [   WP,   2] [   ``,   1] 
   EX : 
   FW : [   IN,   1] [   NN,   1] 
   IN : [    $,  92] [    ,,  31] [-LRB-,   1] [    .,  13] [    :,   1] [   CC,  13] [   CD,  90] [   DT,  95] [   IN, 203] [   JJ, 234] [  JJR,  55] [  JJS,  22] [   MD,  10] [   NN,2550] [  NNP, 310] [ NNPS,  11] [  NNS,1052] [  PDT,   1] [  POS,   3] [  PRP,   9] [ PRP$,   8] [   RB, 118] [  RBR,  12] [  RBS,   2] [   RP,   1] [   TO,  18] [   VB, 738] [  VBD, 905] [  VBG, 381] [  VBN,1095] [  VBP, 255] [  VBZ, 390] [  WDT,   1] [   WP,   2] [  WRB,   4] [   ``,   3] 
   JJ : [    $,  16] [   '',   1] [    ,,  26] [    .,   8] [   CC,   3] [   CD,  23] [   DT,  33] [   IN, 102] [   JJ,  17] [  JJR,   2] [  JJS,   2] [   MD,   1] [   NN,  98] [  NNP,  67] [ NNPS,   2] [  NNS,  70] [  PDT,   1] [  POS,   4] [  PRP,   3] [ PRP$,   4] [   RB,  30] [  RBR,   3] [  RBS,   1] [   TO,  18] [   VB, 111] [  VBD, 119] [  VBG,  22] [  VBN,  58] [  VBP,  97] [  VBZ, 159] [  WDT,   5] [   WP,   4] [  WP$,   1] [  WRB,   6] [   ``,   1] 
  JJR : [    $,   4] [    .,   2] [   CD,   4] [   IN,  20] [   JJ,   1] [   NN,  19] [  NNP,   2] [  NNS,   6] [  POS,   2] [   RB,  11] [   TO,   2] [   VB,  15] [  VBD,  23] [  VBG,   8] [  VBN,   4] [  VBP,   5] [  VBZ,   7] 
  JJS : [    ,,   1] [   CD,   1] [   DT,   1] [   IN,  31] [   JJ,   3] [   MD,   1] [   NN,   2] [   TO,   2] [   VB,   5] [  VBP,   2] [  VBZ,   7] 
   LS : 
   MD : [    $,   2] [    ,,   2] [    .,   1] [   CD,   2] [   DT,   3] [   IN, 199] [   JJ,   5] [  JJS,   1] [   MD,   8] [   NN,  21] [  NNP,   5] [  NNS,   8] [   RB,   3] [   VB,  11] [  VBD, 104] [  VBG,  10] [  VBN,   6] [  VBP,  23] [  VBZ,  27] [  WDT,  60] [   WP,  20] [  WP$,   2] [  WRB,  13] 
   NN : [    $,  10] [   '',   3] [    ,,  44] [-LRB-,   1] [    .,  18] [    :,   1] [   CC,  19] [   CD,  54] [   DT,  46] [   IN,3461] [   JJ,  48] [  JJR,   2] [   MD,  14] [   NN, 164] [  NNP, 130] [ NNPS,   6] [  NNS,  38] [  PDT,   1] [  POS,   6] [  PRP,   5] [ PRP$,  19] [   RB,  51] [  RBR,   2] [  RBS,   1] [   RP,   1] [   TO, 383] [   VB, 768] [  VBD, 685] [  VBG, 384] [  VBN, 228] [  VBP, 175] [  VBZ, 551] [  WDT,   6] [   WP,   1] [  WP$,   9] [   ``,   3] 
  NNP : [    $,   6] [   '',   3] [    ,,  36] [-LRB-,   1] [    .,  14] [    :,   1] [   CC,  26] [   CD,  46] [   DT,  83] [   IN,1335] [   JJ,  64] [  JJR,   1] [  JJS,   2] [   MD,  15] [   NN, 110] [  NNP, 202] [ NNPS,   4] [  NNS,  52] [  POS,  12] [  PRP,  14] [ PRP$,   7] [   RB,  20] [   TO, 100] [   VB,  85] [  VBD, 143] [  VBG,  39] [  VBN,  49] [  VBP,  22] [  VBZ,  95] [  WDT,   2] [  WP$,   1] [  WRB,   1] [   ``,   6] 
 NNPS : [    ,,   4] [   CC,   2] [   CD,   2] [   DT,   2] [   IN,  49] [   JJ,   3] [  JJR,   1] [   NN,   5] [  NNP,   3] [  NNS,   3] [   RB,   3] [   TO,   3] [   VB,   3] [  VBD,   5] [  VBG,   3] [  VBN,   1] [  VBZ,   1] 
  NNS : [    $,   4] [   '',   2] [    ,,  17] [    .,   7] [   CC,   5] [   CD,  16] [   DT,  33] [   IN,2050] [   JJ,  14] [  JJR,   2] [   MD,   5] [   NN,  54] [  NNP,  44] [ NNPS,   2] [  NNS,  24] [  POS,   1] [  PRP,   7] [ PRP$,   4] [   RB,  23] [  RBR,   2] [   RP,   2] [   TO, 189] [   VB, 452] [  VBD, 204] [  VBG, 243] [  VBN, 105] [  VBP, 128] [  VBZ, 121] [  WDT,   6] [   WP,   1] [  WP$,   6] [  WRB,   2] [   ``,   1] 
  PDT : [  NNP,   1] 
  POS : [    ,,   4] [    .,   1] [   CD,   3] [   DT,   3] [   IN,  20] [   JJ,   3] [   NN,  10] [  NNP,   9] [  NNS,   5] [ PRP$,   2] [   TO,   3] [   VB,   3] [  VBD,   2] [  VBG,   1] [  VBN,   1] [  VBP,   1] [  VBZ,   2] 
  PRP : [    $,   3] [    ,,   3] [   CC,   2] [   CD,   4] [   DT,   5] [   IN,  75] [   JJ,   4] [   MD,   3] [   NN,  14] [  NNP,   4] [  NNS,   2] [  PRP,   3] [ PRP$,   2] [   RB,   1] [   TO,  10] [   VB,  62] [  VBD,  30] [  VBG,  23] [  VBN,  10] [  VBP,  23] [  VBZ,  23] [   ``,   1] 
 PRP$ : [    $,   2] [   '',   1] [    ,,   3] [-RRB-,   1] [   CC,   1] [   CD,   5] [   DT,   5] [   IN,   7] [   JJ,   2] [   NN,  10] [  NNP,  10] [ NNPS,   1] [  NNS,   4] [  POS,   1] [  PRP,   1] [ PRP$,   1] [   RB,   2] [  VBG,   1] [  VBN,   2] [  VBZ,   3] [   WP,   1] 
   RB : [    $,   4] [   '',   1] [    ,,   7] [    .,   1] [    :,   1] [   CC,   3] [   CD,  19] [   DT,   7] [   IN,  54] [   JJ,  12] [  JJS,   1] [   MD, 147] [   NN,  61] [  NNP,  14] [ NNPS,   3] [  NNS,  25] [  PRP,   2] [ PRP$,   2] [   RB, 105] [   TO,   8] [   VB, 115] [  VBD, 250] [  VBG,  49] [  VBN,  94] [  VBP, 182] [  VBZ, 261] [   WP,   2] [  WRB,   1] 
  RBR : [   CD,   1] [   IN,   1] [   JJ,   2] [   MD,   1] [   NN,   2] [  NNP,   1] [   RB,  11] [  RBR,   2] [   TO,   2] [   VB,   8] [  VBD,   9] [  VBG,   2] [  VBN,   1] [  VBP,   2] [  VBZ,   2] 
  RBS : [   IN,   1] [  VBZ,   1] 
   RP : [    ,,   1] [-LRB-,   1] [   CD,   1] [   IN,   1] [   JJ,   1] [   NN,   3] [  NNP,   2] [   VB,  64] [  VBD,  50] [  VBG,  27] [  VBN,  32] [  VBP,  15] [  VBZ,  16] 
  SYM : [   NN,   1] 
   TO : [    $,   2] [    ,,   3] [    .,   6] [   CC,   3] [   CD,  10] [   DT,  10] [   IN,  44] [   JJ,  65] [  JJR,   1] [   MD,   2] [   NN, 124] [  NNP,  18] [ NNPS,   1] [  NNS,  43] [ PRP$,   3] [   RB,  20] [  RBR,   1] [   TO,   7] [   VB, 101] [  VBD, 208] [  VBG, 101] [  VBN,  90] [  VBP,  26] [  VBZ,  36] 
   UH : [  VBD,   1] [  VBZ,   1] 
   VB : [    $,   6] [   '',   1] [    ,,   9] [    .,   4] [   CC,   1] [   CD,  11] [   DT,  10] [   IN,  59] [   JJ,  75] [  JJR,   2] [   MD, 874] [   NN, 204] [  NNP,  16] [ NNPS,   1] [  NNS,  56] [  PRP,   2] [ PRP$,   2] [   RB,  10] [   RP,   1] [   TO,   7] [   VB, 256] [  VBD, 228] [  VBG, 109] [  VBN, 196] [  VBP, 144] [  VBZ, 176] [  WDT,   1] [   WP,   1] [  WRB,   3] [   ``,   1] 
  VBD : [    $,   2] [    ,,   5] [   CC,   2] [   CD,   7] [   DT,  11] [   IN, 306] [   JJ,   8] [   MD,   2] [   NN,  58] [  NNP,  17] [ NNPS,   1] [  NNS,  20] [  POS,   1] [  PRP,   1] [ PRP$,   1] [   RB,   1] [   TO,   1] [   VB,  13] [  VBD, 235] [  VBG,   5] [  VBN,  15] [  VBP,  12] [  VBZ,  40] [  WDT, 106] [   WP,  73] [  WP$,   3] [  WRB,  58] 
  VBG : [    $,   3] [    ,,   4] [-LRB-,   1] [    .,   1] [   CC,   5] [   CD,   7] [   DT,  11] [   IN, 305] [   JJ,  13] [   NN,  85] [  NNP,  20] [  NNS,  75] [  POS,   3] [  PRP,   1] [ PRP$,   1] [   RB,   6] [  RBR,   2] [   RP,   1] [   TO,  12] [   VB,  63] [  VBD, 132] [  VBG,  61] [  VBN,  75] [  VBP, 140] [  VBZ, 153] [   ``,   1] 
  VBN : [    $,   9] [    ,,   1] [    .,   2] [   CC,   3] [   CD,   8] [   DT,  14] [   IN,  44] [   JJ,   6] [  JJR,   2] [  JJS,   2] [   MD,   3] [   NN, 137] [  NNP,  43] [ NNPS,   2] [  NNS, 120] [  POS,   2] [  PRP,   1] [ PRP$,   3] [   RB,   6] [  RBR,   1] [  RBS,   1] [   TO,   3] [   VB, 246] [  VBD, 375] [  VBG,  29] [  VBN, 105] [  VBP, 279] [  VBZ, 395] [  WDT,   1] [  WRB,   5] 
  VBP : [   CD,   2] [   DT,   3] [   IN, 228] [   JJ,   2] [   MD,   2] [   NN,  24] [  NNP,   2] [  NNS,  12] [  PRP,   1] [ PRP$,   2] [   TO,   1] [   VB,   4] [  VBD,  31] [  VBG,   5] [  VBN,   2] [  VBP,  41] [  VBZ,  27] [  WDT,  82] [   WP,  64] [  WP$,   3] [  WRB,  39] 
  VBZ : [    $,   3] [    ,,   2] [   CD,   3] [   DT,  10] [   IN, 285] [   JJ,   4] [   MD,   3] [   NN,  39] [  NNP,   5] [  NNS,   6] [ PRP$,   2] [   TO,   4] [   VB,   9] [  VBD, 103] [  VBG,   7] [  VBN,   7] [  VBP,  23] [  VBZ,  87] [  WDT, 136] [   WP,  62] [  WP$,   4] [  WRB,  33] 
  WDT : [    $,   1] [   CD,   5] [   DT,   6] [   IN,  35] [   JJ,   1] [   NN, 182] [  NNP,  55] [ NNPS,   2] [  NNS, 120] [  PRP,   1] [   VB,   8] [  VBD,   5] [  VBG,   1] [  VBN,   6] [  VBP,   2] [  VBZ,   2] [   WP,   1] 
   WP : [    ,,   1] [   CD,   2] [   DT,  10] [   IN,  19] [   JJ,   1] [   NN,  48] [  NNP,  33] [ NNPS,   2] [  NNS,  61] [   VB,   9] [  VBD,   4] [  VBG,   3] [  VBN,   4] [  VBP,   3] [  VBZ,   7] 
  WP$ : [    ,,   1] [   CD,   1] [   IN,   1] [   NN,   3] [  NNP,   2] [  NNS,   5] [   VB,   1] 
  WRB : [   CD,   5] [   IN,  10] [   NN,  14] [  NNP,  17] [  NNS,   8] [   RB,   1] [   TO,   1] [   VB,  21] [  VBD,  18] [  VBG,   7] [  VBN,   8] [  VBP,   5] [  VBZ,  11] 
   `` : [    .,   1] [   DT,   3] [   IN,  42] [   JJ,   2] [   MD,   5] [   NN,  10] [  NNP,   1] [  NNS,   6] [   RB,   1] [   TO,   1] [   VB,  20] [  VBD,  29] [  VBG,  11] [  VBN,  10] [  VBP,   7] [  VBZ,  45] [  WDT,   2] [  WRB,   1] 


Arc Confusion Array:

    # : 
    $ : [    $,  18,   2] [   CD, 222,   5] [   IN,   1, 134] [   NN, 127,   9] [  NNP,   2,  15] [  NNS,   6,   3] [   RB,   1,   2] [  VBD,   1,  30] [  VBG,   1,  13] [  VBZ,   3,  12] 
   '' : [   JJ,   1,   3] [  JJR,   1,   1] [   MD,   1,  18] [   NN,  37,  56] [  NNP,   2,   7] [  NNS,  11,  23] [   RB,   1,   3] [   VB,   4,  15] [  VBD, 113,  91] [  VBG,   1,   4] [  VBP,   4,  51] [  VBZ, 125,  74] 
    , : [    $,  11,  16] [    ,,   2,  13] [   CC,   1,   8] [   CD,  38,  48] [   DT,   9,  26] [   IN,  53,  88] [   JJ,  27,  30] [  JJS,   4,   4] [   MD, 167,  16] [   NN, 542, 462] [  NNP, 383, 428] [ NNPS,   3,  15] [  NNS, 133, 149] [  POS,   1,   3] [  PRP,   2,   4] [   RB,  23,  27] [   TO,   1,   7] [   VB,  14,  96] [  VBD, 710, 243] [  VBG,   6,  38] [  VBN,   9, 108] [  VBP, 223,  71] [  VBZ, 426, 111] [   WP,   2,   1] [  WRB,   2,   2] 
-LRB- : [   CD,  10,   3] [   DT,   2,   1] [   IN,  10,   2] [   NN,  11,   2] [  NNP,  34,   1] [  NNS,   8,   1] [  VBN,   7,   1] 
-RRB- : [   MD,   1,   1] [   NN,   4,   9] [  NNP,   1,  34] [  POS,   1,   1] 
    . : [   NN,   1,  80] [  NNP,   2,  60] [  VBZ,   2,1008] 
    : : [    $,   6,   1] [   CD,  10,   3] [   DT,   3,   3] [   IN,  17,  28] [   JJ,   6,   6] [   MD,  21,   4] [   NN,  63,  36] [  NNP,  29,  77] [  NNS,  52,   9] [   RB,   3,   3] [   VB,   4,  15] [  VBD,  30,  22] [  VBG,   1,   8] [  VBN,   3,   6] [  VBP,  16,   5] [  VBZ,  23,  24] [  WDT,   1,   1] [   WP,   3,   1] 
   CC : [    $,  17,   3] [   CC,   1,   4] [   CD,  25,   8] [   DT,   5,  14] [   IN,  24,  50] [   JJ,  57,  16] [   MD,  43,  10] [   NN, 390,  38] [  NNP, 245,  25] [ NNPS,  16,   1] [  NNS, 325,   8] [  PRP,   2,   2] [   RB,  14,  16] [  RBR,   1,   2] [   VB,  13,  92] [  VBD, 144, 118] [  VBG,   6,  43] [  VBN,   5,  50] [  VBP, 108,  36] [  VBZ, 136,  54] [   WP,   3,   1] [  WRB,   3,   3] 
   CD : [    $,  16, 779] [   CD, 207,  28] [   DT,   3,  24] [   IN,   5, 463] [   JJ,   2,  31] [   MD,   5,   2] [   NN, 696,  61] [  NNP,  19, 208] [  NNS, 556,  13] [  POS,   4,   3] [  PRP,   1,   3] [   RB,   1,  58] [   TO,   1,  92] [   VB,   2,  27] [  VBD,  14,  89] [  VBP,   3,   8] [  VBZ,   5,  27] 
   DT : [    $,  15,   8] [   CD,  39,  26] [   IN,   5, 110] [   JJ,  48,  25] [  JJR,   2,   1] [   MD,  19,   5] [   NN,5329,  69] [  NNP, 561,  72] [ NNPS,  28,   2] [  NNS,1071,  17] [  POS, 304,   8] [  PRP,   2,   2] [   RB,   5,  17] [  RBR,   2,   2] [   TO,   1,  12] [  VBD,  21,  19] [  VBG,   8,  10] [  VBN,   3,  12] [  VBP,  14,  11] [  VBZ,  46,  22] 
   EX : 
   FW : [   NN,   1,   1] 
   IN : [    $,  53,  92] [   CD,   1,  90] [   DT,   2,  95] [   IN,  37, 203] [   JJ,   2, 234] [   MD, 139,  10] [   NN,  80,2550] [  NNP,  20, 310] [  NNS,  75,1052] [  POS,   1,   3] [   RB,  14, 118] [   TO,   1,  18] [   VB,   6, 738] [  VBD, 307, 905] [  VBG,   4, 381] [  VBN,   5,1095] [  VBP, 104, 255] [  VBZ, 155, 390] [  WRB,   1,   4] 
   JJ : [    $,   1,  16] [   CD,  36,  23] [   IN,  42, 102] [   JJ,  71,  17] [  JJR,   1,   2] [   MD,   6,   1] [   NN,2477,  98] [  NNP, 102,  67] [ NNPS,   6,   2] [  NNS,1802,  70] [  POS,  43,   4] [   RB,   1,  30] [   TO,   2,  18] [  VBD,  20, 119] [  VBN,   2,  58] [  VBP,  20,  97] [  VBZ,   9, 159] 
  JJR : [    $,  13,   4] [   IN,  43,  20] [   JJ,   5,   1] [   NN,  83,  19] [  NNS,  89,   6] [   VB,   2,  15] [  VBD,   2,  23] [  VBN,   1,   4] [  VBP,   2,   5] [  VBZ,   1,   7] 
  JJS : [   IN,   1,  31] [   JJ,   4,   3] [   NN,  55,   2] [  VBP,   5,   2] [  VBZ,   1,   7] 
   LS : 
   MD : [   IN,   2, 199] [   MD,   8,   8] [   NN,   1,  21] [  NNS,   1,   8] [   VB,   1,  11] [  VBD,  43, 104] [  VBN,   1,   6] [  VBP,   7,  23] [  VBZ,  25,  27] 
   NN : [    $,   7,  10] [   CD,  12,  54] [   DT,   1,  46] [   IN,  24,3461] [   JJ,  13,  48] [  JJR,  21,   2] [   MD, 267,  14] [   NN,1885, 164] [  NNP, 138, 130] [  NNS,1234,  38] [  POS, 283,   6] [  PRP,   5,   5] [   RB,  18,  51] [  RBR,   1,   2] [   VB,  57, 768] [  VBD, 826, 685] [  VBG,  16, 384] [  VBN,  16, 228] [  VBP,  44, 175] [  VBZ, 780, 551] [   WP,   1,   1] 
  NNP : [    $,   4,   6] [    ,,   2,  36] [   CC,   1,  26] [   CD,  23,  46] [   DT,   1,  83] [   IN,   1,1335] [   JJ,  20,  64] [  JJS,   1,   2] [   MD,  89,  15] [   NN,1005, 110] [  NNP,3335, 202] [ NNPS,  95,   4] [  NNS, 355,  52] [  POS, 662,  12] [  PRP,   2,  14] [   RB,   1,  20] [   VB,  23,  85] [  VBD, 610, 143] [  VBG,   3,  39] [  VBN,   3,  49] [  VBP,  20,  22] [  VBZ, 377,  95] 
 NNPS : [   NN,  13,   5] [  NNP,  70,   3] [  NNS,   5,   3] [  VBD,  12,   5] [  VBZ,   3,   1] 
  NNS : [    $,   5,   4] [   CD,  12,  16] [   DT,   9,  33] [   IN,  22,2050] [   JJ,  23,  14] [  JJR,   5,   2] [   MD, 159,   5] [   NN, 250,  54] [  NNP,  14,  44] [ NNPS,   1,   2] [  NNS, 340,  24] [  POS,  55,   1] [  PRP,   7,   7] [   RB,  24,  23] [  RBR,   2,   2] [   VB,  64, 452] [  VBD, 486, 204] [  VBG,  18, 243] [  VBN,  11, 105] [  VBP, 638, 128] [  VBZ,   5, 121] 
  PDT : [  NNP,   1,   1] 
  POS : [   CD,   4,   3] [   JJ,   3,   3] [   NN, 452,  10] [  NNP,  72,   9] [  NNS, 194,   5] [  VBD,   7,   2] [  VBN,   1,   1] [  VBZ,   1,   2] 
  PRP : [   DT,   2,   5] [   IN,   1,  75] [   JJ,   5,   4] [   MD, 197,   3] [   NN,  10,  14] [  NNP,   6,   4] [  NNS,   3,   2] [  PRP,   1,   3] [   VB,  31,  62] [  VBD, 448,  30] [  VBG,   4,  23] [  VBN,   4,  10] [  VBP, 315,  23] [  VBZ, 356,  23] 
 PRP$ : [   CC,   1,   1] [   CD,   2,   5] [   JJ,   3,   2] [   NN, 405,  10] [  NNP,  15,  10] [  NNS, 253,   4] [  POS,   8,   1] [  VBG,   1,   1] [  VBZ,   1,   3] 
   RB : [    $,  20,   4] [   CD,   8,  19] [   DT,   5,   7] [   IN, 133,  54] [   JJ, 167,  12] [  JJS,   1,   1] [   MD,  42, 147] [   NN, 107,  61] [  NNP,   6,  14] [ NNPS,   1,   3] [  NNS,  63,  25] [  PRP,   1,   2] [   RB,  13, 105] [   TO,   7,   8] [   VB,  39, 115] [  VBD, 245, 250] [  VBG,  42,  49] [  VBN, 114,  94] [  VBP, 138, 182] [  VBZ, 169, 261] [  WRB,   1,   1] 
  RBR : [   IN,  13,   1] [   JJ,  38,   2] [   NN,  10,   2] [   RB,  12,  11] [   VB,   1,   8] [  VBD,   4,   9] [  VBG,   1,   2] [  VBN,   2,   1] [  VBZ,   2,   2] 
  RBS : 
   RP : [   CD,   1,   1] [  NNP,   1,   2] 
  SYM : 
   TO : [    $,  13,   2] [   CD,  10,  10] [   NN,  14, 124] [  NNS,   2,  43] [   VB,1190, 101] [  VBD,   4, 208] [  VBP,   2,  26] [  VBZ,   1,  36] 
   UH : 
   VB : [  JJR,   1,   2] [   MD,   4, 874] [   NN,   3, 204] [  NNP,   1,  16] [  NNS,   3,  56] [   RB,   2,  10] [   VB,  10, 256] [  VBD,   5, 228] [  VBP,   2, 144] [  VBZ,   8, 176] 
  VBD : [   IN,   2, 306] [   MD,  14,   2] [   NN,   4,  58] [  NNS,   2,  20] [ PRP$,   1,   1] [   VB,   1,  13] [  VBD, 146, 235] [  VBN,   1,  15] [  VBP,  17,  12] [  VBZ,  42,  40] 
  VBG : [    $,   1,   3] [   NN, 107,  85] [  NNP,   4,  20] [  NNS,  74,  75] [  POS,   3,   3] [  VBD,  31, 132] [  VBG,   6,  61] [  VBN,   1,  75] [  VBP,   2, 140] [  VBZ,  18, 153] 
  VBN : [    $,   4,   9] [   CD,   3,   8] [   IN,   1,  44] [   JJ,   7,   6] [   MD,   6,   3] [   NN, 119, 137] [  NNP,   5,  43] [ NNPS,   1,   2] [  NNS,  74, 120] [  POS,   2,   2] [  VBD,  15, 375] [  VBG,   1,  29] [  VBP,   7, 279] [  VBZ,   4, 395] 
  VBP : [   IN,   3, 228] [   MD,  12,   2] [   NN,   3,  24] [  NNS,   1,  12] [   VB,   2,   4] [  VBD,  42,  31] [  VBN,   1,   2] [  VBP,  41,  41] [  VBZ,  78,  27] 
  VBZ : [   IN,   2, 285] [   MD,  19,   3] [   VB,   2,   9] [  VBD,  80, 103] [  VBN,   1,   7] [  VBP,  33,  23] [  VBZ, 102,  87] 
  WDT : [  VBD,   2,   5] [  VBP,   1,   2] [  VBZ,   1,   2] 
   WP : [   NN,   1,  48] [  VBD,   3,   4] [  VBN,   1,   4] [  VBZ,  13,   7] 
  WP$ : 
  WRB : [   IN,   1,  10] [   NN,   3,  14] [  NNP,   1,  17] [  NNS,   1,   8] [   RB,   2,   1] [  VBD,  13,  18] [  VBN,   2,   8] [  VBP,  10,   5] [  VBZ,  10,  11] 
   `` : [   IN,   3,  42] [   JJ,   4,   2] [   MD,  27,   5] [   NN,  89,  10] [  NNP,  10,   1] [  NNS,  24,   6] [   RB,   3,   1] [   VB,  11,  20] [  VBD, 120,  29] [  VBG,   3,  11] [  VBN,   6,  10] [  VBP,  50,   7] [  VBZ, 153,  45] 

      Number of confusing arcs = 429


Input Sentence:
Peter/NNP Piper/NNP picked/VBD a/DT peck/NN of/IN pickled/JJ peppers/NNS ./. 


Parsing Actions and Transitions:

[] [ Peter/NNP, Piper/NNP, picked/VBD, a/DT, peck/NN, of/IN, pickled/JJ, peppers/NNS, ./] SHIFT
[ Peter/NNP] [ Piper/NNP, picked/VBD, a/DT, peck/NN, of/IN, pickled/JJ, peppers/NNS, ./] SHIFT
[ Peter/NNP, Piper/NNP] [ picked/VBD, a/DT, peck/NN, of/IN, pickled/JJ, peppers/NNS, ./] Left-Arc: Peter/NNP <-- Piper/NNP
[ Piper/NNP] [ picked/VBD, a/DT, peck/NN, of/IN, pickled/JJ, peppers/NNS, ./] SHIFT
[ Piper/NNP, picked/VBD] [ a/DT, peck/NN, of/IN, pickled/JJ, peppers/NNS, ./] Left-Arc: Piper/NNP <-- picked/VBD
[ picked/VBD] [ a/DT, peck/NN, of/IN, pickled/JJ, peppers/NNS, ./] SHIFT
[ picked/VBD, a/DT] [ peck/NN, of/IN, pickled/JJ, peppers/NNS, ./] SHIFT
[ picked/VBD, a/DT, peck/NN] [ of/IN, pickled/JJ, peppers/NNS, ./] Left-Arc: a/DT <-- peck/NN
[ picked/VBD, peck/NN] [ of/IN, pickled/JJ, peppers/NNS, ./] Right-Arc: picked/VBD --> peck/NN
[ picked/VBD] [ of/IN, pickled/JJ, peppers/NNS, ./] SHIFT
[ picked/VBD, of/IN] [ pickled/JJ, peppers/NNS, ./] SHIFT
[ picked/VBD, of/IN, pickled/JJ] [ peppers/NNS, ./] SHIFT
[ picked/VBD, of/IN, pickled/JJ, peppers/NNS] [ ./] Left-Arc: pickled/JJ <-- peppers/NNS
[ picked/VBD, of/IN, peppers/NNS] [ ./] Right-Arc: of/IN --> peppers/NNS
[ picked/VBD, of/IN] [ ./] SHIFT
[ picked/VBD, of/IN, ./.] [] SWAP
[ picked/VBD, ./.] [ of/I] Right-Arc: picked/VBD --> ./.
[ picked/VBD] [ of/I] SHIFT
[ picked/VBD, of/IN] [] Right-Arc: picked/VBD --> of/IN
[ picked/VBD] [] ROOT --> picked/VBD

